<?xml version="1.0" encoding="UTF-8"?>
<!-- Generated by org.testng.reporters.JUnitReportReporter -->
<testsuite hostname="DESKTOP-6RU5HE7" failures="0" tests="1" name="ABC_Demo1.TC01_Login" time="23.908" errors="0" timestamp="2022-11-22T15:32:05 IST" skipped="0">
  <testcase classname="ABC_Demo1.TC01_Login" name="LoginTest" time="23.908"/>
  <system-out/>
</testsuite> <!-- ABC_Demo1.TC01_Login -->
